<?xml version="1.0" encoding="UTF-8"?>
<!-- Generated by org.testng.reporters.JUnitXMLReporter -->
<testsuite ignored="0" hostname="Santosh" failures="0" tests="3" name="Test" time="23.349" errors="0" timestamp="2024-12-29T17:26:43 IST">
  <testcase classname="com.vero.testcases.TC_TopNavigation" name="testTopNav" time="1.859"/>
  <testcase classname="com.vero.testcases.TC_Cart" name="testCart" time="3.969"/>
  <testcase classname="com.vero.testcases.TC_HomePage" name="testHomePage" time="0.966"/>
</testsuite> <!-- Test -->
