<?xml version="1.0" encoding="UTF-8"?>
<testng-results ignored="0" total="1" passed="1" failed="0" skipped="0">
  <reporter-output>
  </reporter-output>
  <suite started-at="2025-01-01T20:35:58 IST" name="Suite" finished-at="2025-01-01T20:35:58 IST" duration-ms="491">
    <groups>
    </groups>
    <test started-at="2025-01-01T20:35:58 IST" name="Test" finished-at="2025-01-01T20:35:58 IST" duration-ms="491">
      <class name="com.project.testcases.TC_AddCustomer">
        <test-method is-config="true" signature="config()[pri:0, instance:com.project.testcases.TC_AddCustomer@fa49800]" started-at="2025-01-01T20:35:55 IST" name="config" finished-at="2025-01-01T20:35:58 IST" duration-ms="2380" status="PASS">
          <reporter-output>
          </reporter-output>
        </test-method> <!-- config -->
        <test-method signature="addCustomer()[pri:0, instance:com.project.testcases.TC_AddCustomer@fa49800]" started-at="2025-01-01T20:35:58 IST" name="addCustomer" finished-at="2025-01-01T20:35:58 IST" duration-ms="440" status="PASS">
          <reporter-output>
          </reporter-output>
        </test-method> <!-- addCustomer -->
        <test-method is-config="true" signature="teardown()[pri:0, instance:com.project.testcases.TC_AddCustomer@fa49800]" started-at="2025-01-01T20:35:58 IST" name="teardown" finished-at="2025-01-01T20:35:58 IST" duration-ms="172" status="PASS">
          <reporter-output>
          </reporter-output>
        </test-method> <!-- teardown -->
      </class> <!-- com.project.testcases.TC_AddCustomer -->
    </test> <!-- Test -->
  </suite> <!-- Suite -->
</testng-results>
