<?xml version="1.0" encoding="UTF-8"?>
<!-- Generated by org.testng.reporters.JUnitXMLReporter -->
<testsuite ignored="0" hostname="Santosh" failures="0" tests="3" name="Default test" time="0.049" errors="0" timestamp="2024-11-25T13:07:08 IST">
  <testcase classname="com.practice.rough.DataProviderDemo" name="login" time="0.008"/>
  <testcase classname="com.practice.rough.DataProviderDemo" name="login" time="0.001"/>
  <testcase classname="com.practice.rough.DataProviderDemo" name="login" time="0.001"/>
</testsuite> <!-- Default test -->
