<?xml version="1.0" encoding="UTF-8"?>
<testng-results ignored="0" total="4" passed="4" failed="0" skipped="0">
  <reporter-output>
  </reporter-output>
  <suite started-at="2024-11-27T21:35:09 IST" name="Default suite" finished-at="2024-11-27T21:35:09 IST" duration-ms="53">
    <groups>
    </groups>
    <test started-at="2024-11-27T21:35:09 IST" name="Default test" finished-at="2024-11-27T21:35:09 IST" duration-ms="53">
      <class name="com.refineproject.testcases.CustomerLogin">
        <test-method is-config="true" signature="configSetup()[pri:0, instance:com.refineproject.testcases.CustomerLogin@3059cbc]" started-at="2024-11-27T21:35:06 IST" name="configSetup" finished-at="2024-11-27T21:35:09 IST" duration-ms="2034" status="PASS">
          <reporter-output>
          </reporter-output>
        </test-method> <!-- configSetup -->
        <test-method signature="invocationcount()[pri:0, instance:com.refineproject.testcases.CustomerLogin@3059cbc]" started-at="2024-11-27T21:35:09 IST" name="invocationcount" finished-at="2024-11-27T21:35:09 IST" duration-ms="7" status="PASS">
          <reporter-output>
          </reporter-output>
        </test-method> <!-- invocationcount -->
        <test-method signature="invocationcount()[pri:0, instance:com.refineproject.testcases.CustomerLogin@3059cbc]" started-at="2024-11-27T21:35:09 IST" name="invocationcount" finished-at="2024-11-27T21:35:09 IST" duration-ms="6" status="PASS">
          <reporter-output>
          </reporter-output>
        </test-method> <!-- invocationcount -->
        <test-method signature="invocationcount()[pri:0, instance:com.refineproject.testcases.CustomerLogin@3059cbc]" started-at="2024-11-27T21:35:09 IST" name="invocationcount" finished-at="2024-11-27T21:35:09 IST" duration-ms="8" status="PASS">
          <reporter-output>
          </reporter-output>
        </test-method> <!-- invocationcount -->
        <test-method signature="invocationcount()[pri:0, instance:com.refineproject.testcases.CustomerLogin@3059cbc]" started-at="2024-11-27T21:35:09 IST" name="invocationcount" finished-at="2024-11-27T21:35:09 IST" duration-ms="5" status="PASS">
          <reporter-output>
          </reporter-output>
        </test-method> <!-- invocationcount -->
        <test-method is-config="true" signature="teardown()[pri:0, instance:com.refineproject.testcases.CustomerLogin@3059cbc]" started-at="2024-11-27T21:35:09 IST" name="teardown" finished-at="2024-11-27T21:35:09 IST" duration-ms="220" status="PASS">
          <reporter-output>
          </reporter-output>
        </test-method> <!-- teardown -->
      </class> <!-- com.refineproject.testcases.CustomerLogin -->
    </test> <!-- Default test -->
  </suite> <!-- Default suite -->
</testng-results>
