<?xml version="1.0" encoding="UTF-8"?>
<!-- Generated by org.testng.reporters.JUnitXMLReporter -->
<testsuite ignored="0" hostname="Santosh" failures="0" tests="3" name="Default test" time="31.912" errors="0" timestamp="2024-12-29T17:53:35 IST">
  <testcase classname="com.vero.testcases.TC_TopNavigation" name="testTopNav" time="3.518"/>
  <testcase classname="com.vero.testcases.TC_Cart" name="testCart" time="9.064"/>
  <testcase classname="com.vero.testcases.TC_HomePage" name="testHomePage" time="1.632"/>
</testsuite> <!-- Default test -->
