<?xml version="1.0" encoding="UTF-8"?>
<testng-results ignored="0" total="2" passed="2" failed="0" skipped="0">
  <reporter-output>
  </reporter-output>
  <suite started-at="2024-11-26T16:33:22 IST" name="Default suite" finished-at="2024-11-26T16:33:22 IST" duration-ms="627">
    <groups>
    </groups>
    <test started-at="2024-11-26T16:33:22 IST" name="Default test" finished-at="2024-11-26T16:33:22 IST" duration-ms="627">
      <class name="com.project.rough.SeleniumPracTuesday">
        <test-method signature="readExcelfile()[pri:0, instance:com.project.rough.SeleniumPracTuesday@62ddbd7e]" started-at="2024-11-26T16:33:22 IST" name="readExcelfile" finished-at="2024-11-26T16:33:22 IST" duration-ms="461" status="PASS">
          <reporter-output>
          </reporter-output>
        </test-method> <!-- readExcelfile -->
        <test-method signature="writeExcel()[pri:0, instance:com.project.rough.SeleniumPracTuesday@62ddbd7e]" started-at="2024-11-26T16:33:22 IST" name="writeExcel" finished-at="2024-11-26T16:33:22 IST" duration-ms="137" status="PASS">
          <reporter-output>
          </reporter-output>
        </test-method> <!-- writeExcel -->
      </class> <!-- com.project.rough.SeleniumPracTuesday -->
    </test> <!-- Default test -->
  </suite> <!-- Default suite -->
</testng-results>
