<?xml version="1.0" encoding="UTF-8"?>
<testng-results ignored="0" total="1" passed="1" failed="0" skipped="0">
  <reporter-output>
  </reporter-output>
  <suite started-at="2024-12-07T16:12:39 IST" name="Default suite" finished-at="2024-12-07T16:12:40 IST" duration-ms="280">
    <groups>
    </groups>
    <test started-at="2024-12-07T16:12:39 IST" name="Default test" finished-at="2024-12-07T16:12:40 IST" duration-ms="280">
      <class name="com.project.testcases.CustomerLogin">
        <test-method is-config="true" signature="setup()[pri:0, instance:com.project.testcases.CustomerLogin@66d18979]" started-at="2024-12-07T16:12:37 IST" name="setup" finished-at="2024-12-07T16:12:39 IST" duration-ms="2430" status="PASS">
          <reporter-output>
          </reporter-output>
        </test-method> <!-- setup -->
        <test-method signature="customerLogin()[pri:0, instance:com.project.testcases.CustomerLogin@66d18979]" started-at="2024-12-07T16:12:39 IST" name="customerLogin" finished-at="2024-12-07T16:12:40 IST" duration-ms="232" status="PASS">
          <reporter-output>
          </reporter-output>
        </test-method> <!-- customerLogin -->
        <test-method is-config="true" signature="teardown()[pri:0, instance:com.project.testcases.CustomerLogin@66d18979]" started-at="2024-12-07T16:12:40 IST" name="teardown" finished-at="2024-12-07T16:12:40 IST" duration-ms="182" status="PASS">
          <reporter-output>
          </reporter-output>
        </test-method> <!-- teardown -->
      </class> <!-- com.project.testcases.CustomerLogin -->
    </test> <!-- Default test -->
  </suite> <!-- Default suite -->
</testng-results>
