<?xml version="1.0" encoding="UTF-8"?>
<testng-results ignored="0" total="1" passed="1" failed="0" skipped="0">
  <reporter-output>
  </reporter-output>
  <suite started-at="2025-02-07T18:34:40 IST" name="Default suite" finished-at="2025-02-07T18:34:40 IST" duration-ms="390">
    <groups>
    </groups>
    <test started-at="2025-02-07T18:34:40 IST" name="Default test" finished-at="2025-02-07T18:34:40 IST" duration-ms="390">
      <class name="com.way2automation.testcases.TC_01_CustomerLogin">
        <test-method is-config="true" signature="initialSetup()[pri:0, instance:com.way2automation.testcases.TC_01_CustomerLogin@43c1b556]" started-at="2025-02-07T18:34:37 IST" name="initialSetup" finished-at="2025-02-07T18:34:40 IST" duration-ms="3133" status="PASS">
          <reporter-output>
          </reporter-output>
        </test-method> <!-- initialSetup -->
        <test-method signature="customerLogin()[pri:0, instance:com.way2automation.testcases.TC_01_CustomerLogin@43c1b556]" started-at="2025-02-07T18:34:40 IST" name="customerLogin" finished-at="2025-02-07T18:34:40 IST" duration-ms="358" status="PASS">
          <reporter-output>
          </reporter-output>
        </test-method> <!-- customerLogin -->
        <test-method is-config="true" signature="teardown()[pri:0, instance:com.way2automation.testcases.TC_01_CustomerLogin@43c1b556]" started-at="2025-02-07T18:34:40 IST" name="teardown" finished-at="2025-02-07T18:34:40 IST" duration-ms="177" status="PASS">
          <reporter-output>
          </reporter-output>
        </test-method> <!-- teardown -->
      </class> <!-- com.way2automation.testcases.TC_01_CustomerLogin -->
    </test> <!-- Default test -->
  </suite> <!-- Default suite -->
</testng-results>
