<?xml version="1.0" encoding="UTF-8"?>
<!-- Generated by org.testng.reporters.JUnitXMLReporter -->
<testsuite ignored="0" hostname="Santosh" failures="0" tests="4" name="Default test" time="0.053" errors="0" timestamp="2024-11-27T21:35:09 IST">
  <testcase classname="com.refineproject.testcases.CustomerLogin" name="invocationcount" time="0.006"/>
  <testcase classname="com.refineproject.testcases.CustomerLogin" name="invocationcount" time="0.005"/>
  <testcase classname="com.refineproject.testcases.CustomerLogin" name="invocationcount" time="0.008"/>
  <testcase classname="com.refineproject.testcases.CustomerLogin" name="invocationcount" time="0.007"/>
</testsuite> <!-- Default test -->
