<?xml version="1.0" encoding="UTF-8"?>
<testng-results ignored="0" total="1" passed="1" failed="0" skipped="0">
  <reporter-output>
    <line>
      <![CDATA[File Loaded successfully]]>
    </line>
    <line>
      <![CDATA[Capturing screenshot]]>
    </line>
  </reporter-output>
  <suite started-at="2024-11-20T22:06:21 IST" name="Suite" finished-at="2024-11-20T22:06:22 IST" duration-ms="1138">
    <groups>
    </groups>
    <test started-at="2024-11-20T22:06:21 IST" name="Test" finished-at="2024-11-20T22:06:22 IST" duration-ms="1138">
      <class name="com.project.testcases.CustomerLogin">
        <test-method is-config="true" signature="setup()[pri:0, instance:com.project.testcases.CustomerLogin@368247b9]" started-at="2024-11-20T22:06:19 IST" name="setup" finished-at="2024-11-20T22:06:21 IST" duration-ms="2141" status="PASS">
          <reporter-output>
            <line>
              <![CDATA[File Loaded successfully]]>
            </line>
          </reporter-output>
        </test-method> <!-- setup -->
        <test-method signature="custLogin()[pri:0, instance:com.project.testcases.CustomerLogin@368247b9]" started-at="2024-11-20T22:06:21 IST" name="custLogin" finished-at="2024-11-20T22:06:22 IST" duration-ms="536" status="PASS">
          <reporter-output>
            <line>
              <![CDATA[Capturing screenshot]]>
            </line>
          </reporter-output>
        </test-method> <!-- custLogin -->
        <test-method is-config="true" signature="teardown()[pri:0, instance:com.project.testcases.CustomerLogin@368247b9]" started-at="2024-11-20T22:06:22 IST" name="teardown" finished-at="2024-11-20T22:06:22 IST" duration-ms="265" status="PASS">
          <reporter-output>
          </reporter-output>
        </test-method> <!-- teardown -->
      </class> <!-- com.project.testcases.CustomerLogin -->
    </test> <!-- Test -->
  </suite> <!-- Suite -->
</testng-results>
