<?xml version="1.0" encoding="UTF-8"?>
<testng-results ignored="0" total="1" passed="1" failed="0" skipped="0">
  <reporter-output>
  </reporter-output>
  <suite started-at="2024-11-10T07:34:25 IST" name="Default suite" finished-at="2024-11-10T07:34:25 IST" duration-ms="192">
    <groups>
    </groups>
    <test started-at="2024-11-10T07:34:25 IST" name="Default test" finished-at="2024-11-10T07:34:25 IST" duration-ms="192">
      <class name="com.practice.testcases.AddCustomerLogin">
        <test-method is-config="true" signature="setup()[pri:0, instance:com.practice.testcases.AddCustomerLogin@7ce69770]" started-at="2024-11-10T07:34:23 IST" name="setup" finished-at="2024-11-10T07:34:25 IST" duration-ms="2149" status="PASS">
          <reporter-output>
          </reporter-output>
        </test-method> <!-- setup -->
        <test-method signature="login()[pri:0, instance:com.practice.testcases.AddCustomerLogin@7ce69770]" started-at="2024-11-10T07:34:25 IST" name="login" finished-at="2024-11-10T07:34:25 IST" duration-ms="136" status="PASS">
          <reporter-output>
          </reporter-output>
        </test-method> <!-- login -->
        <test-method is-config="true" signature="teardown()[pri:0, instance:com.practice.testcases.AddCustomerLogin@7ce69770]" started-at="2024-11-10T07:34:25 IST" name="teardown" finished-at="2024-11-10T07:34:26 IST" duration-ms="166" status="PASS">
          <reporter-output>
          </reporter-output>
        </test-method> <!-- teardown -->
      </class> <!-- com.practice.testcases.AddCustomerLogin -->
    </test> <!-- Default test -->
  </suite> <!-- Default suite -->
</testng-results>
