<?xml version="1.0" encoding="UTF-8"?>
<testng-results ignored="0" total="1" passed="0" failed="1" skipped="0">
  <reporter-output>
  </reporter-output>
  <suite started-at="2025-02-10T15:27:12 IST" name="Default suite" finished-at="2025-02-10T15:27:14 IST" duration-ms="1233">
    <groups>
      <group name="cucumber">
        <method signature="AbstractTestNGCucumberTests.runScenario(io.cucumber.testng.PickleWrapper,io.cucumber.testng.FeatureWrapper)[pri:0, instance:Runner.RunCuke@a1153bc]" name="runScenario" class="io.cucumber.testng.AbstractTestNGCucumberTests"/>
      </group> <!-- cucumber -->
    </groups>
    <test started-at="2025-02-10T15:27:12 IST" name="Default test" finished-at="2025-02-10T15:27:14 IST" duration-ms="1233">
      <class name="Runner.RunCuke">
        <test-method is-config="true" signature="setUpClass(org.testng.ITestContext)[pri:0, instance:Runner.RunCuke@a1153bc]" started-at="2025-02-10T15:27:13 IST" name="setUpClass" finished-at="2025-02-10T15:27:13 IST" duration-ms="723" status="PASS">
          <params>
            <param index="0">
              <value>
                <![CDATA[org.testng.TestRunner@ac20bb4]]>
              </value>
            </param>
          </params>
          <reporter-output>
          </reporter-output>
        </test-method> <!-- setUpClass -->
        <test-method signature="runScenario(io.cucumber.testng.PickleWrapper,io.cucumber.testng.FeatureWrapper)[pri:0, instance:Runner.RunCuke@a1153bc]" started-at="2025-02-10T15:27:13 IST" name="runScenario" description="Runs Cucumber Scenarios" data-provider="scenarios" finished-at="2025-02-10T15:27:13 IST" duration-ms="144" status="FAIL">
          <params>
            <param index="0">
              <value>
                <![CDATA["Login to Facebook as User in Production"]]>
              </value>
            </param>
            <param index="1">
              <value>
                <![CDATA["Login to Facebook Production Environment"]]>
              </value>
            </param>
          </params>
          <exception class="io.cucumber.java.PendingException">
            <message>
              <![CDATA[TODO: implement me]]>
            </message>
            <full-stacktrace>
              <![CDATA[io.cucumber.java.PendingException: TODO: implement me
at Steps.LoginProductionSteps.user_enters_userid_and_password(LoginProductionSteps.java:44)
at ✽.user enters userid and password(file:///C:/eclipse-workspace/CucmberProjectSample/src/test/resources/Features/datatable.feature:13)
]]>
            </full-stacktrace>
          </exception> <!-- io.cucumber.java.PendingException -->
          <reporter-output>
          </reporter-output>
        </test-method> <!-- runScenario -->
        <test-method is-config="true" signature="tearDownClass()[pri:0, instance:Runner.RunCuke@a1153bc]" started-at="2025-02-10T15:27:13 IST" name="tearDownClass" finished-at="2025-02-10T15:27:14 IST" duration-ms="325" status="PASS">
          <reporter-output>
          </reporter-output>
        </test-method> <!-- tearDownClass -->
      </class> <!-- Runner.RunCuke -->
    </test> <!-- Default test -->
  </suite> <!-- Default suite -->
</testng-results>
