<?xml version="1.0" encoding="UTF-8"?>
<testng-results ignored="0" total="1" passed="1" failed="0" skipped="0">
  <reporter-output>
  </reporter-output>
  <suite started-at="2024-11-10T12:47:35 IST" name="Default suite" finished-at="2024-11-10T12:47:35 IST" duration-ms="485">
    <groups>
    </groups>
    <test started-at="2024-11-10T12:47:35 IST" name="Default test" finished-at="2024-11-10T12:47:35 IST" duration-ms="485">
      <class name="com.practice.testcases.CustomerLogin">
        <test-method is-config="true" signature="setup()[pri:0, instance:com.practice.testcases.CustomerLogin@7ce69770]" started-at="2024-11-10T12:47:32 IST" name="setup" finished-at="2024-11-10T12:47:35 IST" duration-ms="2287" status="PASS">
          <reporter-output>
          </reporter-output>
        </test-method> <!-- setup -->
        <test-method signature="CustLogin()[pri:0, instance:com.practice.testcases.CustomerLogin@7ce69770]" started-at="2024-11-10T12:47:35 IST" name="CustLogin" finished-at="2024-11-10T12:47:35 IST" duration-ms="433" status="PASS">
          <reporter-output>
          </reporter-output>
        </test-method> <!-- CustLogin -->
        <test-method is-config="true" signature="teardown()[pri:0, instance:com.practice.testcases.CustomerLogin@7ce69770]" started-at="2024-11-10T12:47:35 IST" name="teardown" finished-at="2024-11-10T12:47:35 IST" duration-ms="166" status="PASS">
          <reporter-output>
          </reporter-output>
        </test-method> <!-- teardown -->
      </class> <!-- com.practice.testcases.CustomerLogin -->
    </test> <!-- Default test -->
  </suite> <!-- Default suite -->
</testng-results>
