<?xml version="1.0" encoding="UTF-8"?>
<!-- Generated by org.testng.reporters.JUnitXMLReporter -->
<testsuite ignored="2" hostname="Santosh" failures="0" tests="6" name="Functional Test" time="7.279" errors="0" timestamp="2025-01-08T13:14:18 IST">
  <testcase classname="com.pro.testcases.TC01_CustomerLogin" name="customerLogin" time="0.411"/>
  <testcase classname="com.pro.testcases.TC02_AddCustomer" name="addCustomer" time="1.323"/>
  <testcase classname="com.pro.testcases.TC02_AddCustomer" name="addCustomer" time="0.908"/>
  <testcase classname="com.pro.testcases.TC02_AddCustomer" name="addCustomer" time="0.873"/>
  <testcase classname="com.pro.testcases.TC02_AddCustomer" name="addCustomer" time="1.549"/>
  <testcase classname="com.pro.testcases.TC02_AddCustomer" name="addCustomer" time="1.549"/>
  <testcase classname="com.pro.base.ProjectBaseClass" name="@AfterSuite teardown" time="0.0">
    <ignored/>
  </testcase> <!-- @AfterSuite teardown -->
  <testcase classname="com.pro.base.ProjectBaseClass" name="@BeforeSuite setup" time="0.0">
    <ignored/>
  </testcase> <!-- @BeforeSuite setup -->
</testsuite> <!-- Functional Test -->
