<?xml version="1.0" encoding="UTF-8"?>
<!-- Generated by org.testng.reporters.JUnitXMLReporter -->
<testsuite ignored="0" hostname="Santosh" failures="0" tests="5" name="TC_03" time="5.934" errors="0" timestamp="2025-01-21T19:26:42 IST">
  <testcase classname="com.pro.testcases.TC03_AddCustomeUsingExcel" name="addCustomer" time="0.573"/>
  <testcase classname="com.pro.testcases.TC03_AddCustomeUsingExcel" name="addCustomer" time="1.154"/>
  <testcase classname="com.pro.testcases.TC03_AddCustomeUsingExcel" name="addCustomer" time="1.255"/>
  <testcase classname="com.pro.testcases.TC03_AddCustomeUsingExcel" name="addCustomer" time="0.825"/>
  <testcase classname="com.pro.testcases.TC03_AddCustomeUsingExcel" name="addCustomer" time="1.438"/>
</testsuite> <!-- TC_03 -->
