<?xml version="1.0" encoding="UTF-8"?>
<!-- Generated by org.testng.reporters.JUnitXMLReporter -->
<testsuite ignored="0" hostname="Santosh" failures="0" tests="5" name="TC_03" time="7.216" errors="0" timestamp="2025-01-08T14:39:24 IST">
  <testcase classname="com.pro.testcases.TC03_AddCustomeUsingExcel" name="addCustomer" time="0.915"/>
  <testcase classname="com.pro.testcases.TC03_AddCustomeUsingExcel" name="addCustomer" time="1.589"/>
  <testcase classname="com.pro.testcases.TC03_AddCustomeUsingExcel" name="addCustomer" time="1.63"/>
  <testcase classname="com.pro.testcases.TC03_AddCustomeUsingExcel" name="addCustomer" time="1.641"/>
  <testcase classname="com.pro.testcases.TC03_AddCustomeUsingExcel" name="addCustomer" time="0.83"/>
</testsuite> <!-- TC_03 -->
