<?xml version="1.0" encoding="UTF-8"?>
<testsuite name="TC_03"
           tests="5"
           failures="0"
           errors="0"
           skipped="0"
           time="6.605">
  <properties />
  
  
            <testcase name="addCustomer" time="1.630" classname="com.pro.testcases.TC03_AddCustomeUsingExcel" />
                <testcase name="addCustomer" time="1.641" classname="com.pro.testcases.TC03_AddCustomeUsingExcel" />
                <testcase name="addCustomer" time="0.830" classname="com.pro.testcases.TC03_AddCustomeUsingExcel" />
                <testcase name="addCustomer" time="0.915" classname="com.pro.testcases.TC03_AddCustomeUsingExcel" />
                <testcase name="addCustomer" time="1.589" classname="com.pro.testcases.TC03_AddCustomeUsingExcel" />
      
</testsuite>
