<?xml version="1.0" encoding="UTF-8"?>
<testsuite name="TC_03"
           tests="5"
           failures="0"
           errors="0"
           skipped="0"
           time="5.245">
  <properties />
  
  
            <testcase name="addCustomer" time="1.255" classname="com.pro.testcases.TC03_AddCustomeUsingExcel" />
                <testcase name="addCustomer" time="0.825" classname="com.pro.testcases.TC03_AddCustomeUsingExcel" />
                <testcase name="addCustomer" time="1.438" classname="com.pro.testcases.TC03_AddCustomeUsingExcel" />
                <testcase name="addCustomer" time="0.573" classname="com.pro.testcases.TC03_AddCustomeUsingExcel" />
                <testcase name="addCustomer" time="1.154" classname="com.pro.testcases.TC03_AddCustomeUsingExcel" />
      
</testsuite>
