<?xml version="1.0" encoding="UTF-8"?>
<!-- Generated by org.testng.reporters.JUnitXMLReporter -->
<testsuite ignored="0" hostname="Santosh" failures="1" tests="1" name="SmokeTest" time="1.393" errors="0" timestamp="2024-12-18T10:40:45 IST">
  <testcase classname="com.project.testcases.CustomerLogin" name="customerLogin" time="0.706">
    <failure type="java.lang.AssertionError" message="null">
      <![CDATA[java.lang.AssertionError: null
at com.project.testcases.CustomerLogin.customerLogin(CustomerLogin.java:26)
at java.base/java.util.ArrayList.forEach(ArrayList.java:1597)
... Removed 27 stack frames]]>
    </failure>
  </testcase> <!-- customerLogin -->
</testsuite> <!-- SmokeTest -->
