<?xml version="1.0" encoding="UTF-8"?>
<testng-results ignored="0" total="1" passed="1" failed="0" skipped="0">
  <reporter-output>
  </reporter-output>
  <suite started-at="2025-02-17T20:18:20 IST" name="Default suite" finished-at="2025-02-17T20:18:21 IST" duration-ms="391">
    <groups>
    </groups>
    <test started-at="2025-02-17T20:18:20 IST" name="Default test" finished-at="2025-02-17T20:18:21 IST" duration-ms="391">
      <class name="com.pro.testcases.TC01_CustomerLogin">
        <test-method is-config="true" signature="setup()[pri:0, instance:com.pro.testcases.TC01_CustomerLogin@4cc8eb05]" started-at="2025-02-17T20:18:18 IST" name="setup" finished-at="2025-02-17T20:18:20 IST" duration-ms="2309" status="PASS">
          <reporter-output>
          </reporter-output>
        </test-method> <!-- setup -->
        <test-method signature="customerLogin()[pri:0, instance:com.pro.testcases.TC01_CustomerLogin@4cc8eb05]" started-at="2025-02-17T20:18:20 IST" name="customerLogin" finished-at="2025-02-17T20:18:21 IST" duration-ms="362" status="PASS">
          <reporter-output>
          </reporter-output>
        </test-method> <!-- customerLogin -->
        <test-method is-config="true" signature="teardown()[pri:0, instance:com.pro.testcases.TC01_CustomerLogin@4cc8eb05]" started-at="2025-02-17T20:18:21 IST" name="teardown" finished-at="2025-02-17T20:18:21 IST" duration-ms="214" status="PASS">
          <reporter-output>
          </reporter-output>
        </test-method> <!-- teardown -->
      </class> <!-- com.pro.testcases.TC01_CustomerLogin -->
    </test> <!-- Default test -->
  </suite> <!-- Default suite -->
</testng-results>
