<?xml version="1.0" encoding="UTF-8"?>
<testng-results ignored="0" total="8" passed="8" failed="0" skipped="0">
  <reporter-output>
  </reporter-output>
  <suite started-at="2025-01-08T14:39:14 IST" name="Automation Suite" finished-at="2025-01-08T14:39:24 IST" duration-ms="10409">
    <groups>
    </groups>
    <test started-at="2025-01-08T14:39:14 IST" name="TC_01" finished-at="2025-01-08T14:39:14 IST" duration-ms="465">
      <class name="com.pro.testcases.TC01_CustomerLogin">
        <test-method signature="customerLogin()[pri:0, instance:com.pro.testcases.TC01_CustomerLogin@4803b726]" started-at="2025-01-08T14:39:14 IST" name="customerLogin" finished-at="2025-01-08T14:39:14 IST" duration-ms="423" status="PASS">
          <reporter-output>
          </reporter-output>
        </test-method> <!-- customerLogin -->
      </class> <!-- com.pro.testcases.TC01_CustomerLogin -->
    </test> <!-- TC_01 -->
    <test started-at="2025-01-08T14:39:14 IST" name="TC_02" finished-at="2025-01-08T14:39:17 IST" duration-ms="2700">
      <class name="com.pro.testcases.TC02_AddCustomerWithStaticValue">
        <test-method signature="addCustomer(java.lang.String,java.lang.String,java.lang.String)[pri:0, instance:com.pro.testcases.TC02_AddCustomerWithStaticValue@65c7a252]" started-at="2025-01-08T14:39:14 IST" name="addCustomer" data-provider="getvalues" finished-at="2025-01-08T14:39:16 IST" duration-ms="1665" status="PASS">
          <params>
            <param index="0">
              <value>
                <![CDATA[Sumit]]>
              </value>
            </param>
            <param index="1">
              <value>
                <![CDATA[Aggarwal]]>
              </value>
            </param>
            <param index="2">
              <value>
                <![CDATA[201333]]>
              </value>
            </param>
          </params>
          <reporter-output>
          </reporter-output>
        </test-method> <!-- addCustomer -->
        <test-method signature="addCustomer(java.lang.String,java.lang.String,java.lang.String)[pri:0, instance:com.pro.testcases.TC02_AddCustomerWithStaticValue@65c7a252]" started-at="2025-01-08T14:39:16 IST" name="addCustomer" data-provider="getvalues" finished-at="2025-01-08T14:39:17 IST" duration-ms="1029" status="PASS">
          <params>
            <param index="0">
              <value>
                <![CDATA[Rohan]]>
              </value>
            </param>
            <param index="1">
              <value>
                <![CDATA[Verma]]>
              </value>
            </param>
            <param index="2">
              <value>
                <![CDATA[201333]]>
              </value>
            </param>
          </params>
          <reporter-output>
          </reporter-output>
        </test-method> <!-- addCustomer -->
      </class> <!-- com.pro.testcases.TC02_AddCustomerWithStaticValue -->
    </test> <!-- TC_02 -->
    <test started-at="2025-01-08T14:39:17 IST" name="TC_03" finished-at="2025-01-08T14:39:24 IST" duration-ms="7216">
      <class name="com.pro.testcases.TC03_AddCustomeUsingExcel">
        <test-method is-config="true" signature="setup()[pri:0, instance:com.pro.testcases.TC03_AddCustomeUsingExcel@4686afc2]" started-at="2025-01-08T14:39:11 IST" name="setup" finished-at="2025-01-08T14:39:14 IST" duration-ms="2296" status="PASS">
          <reporter-output>
          </reporter-output>
        </test-method> <!-- setup -->
        <test-method signature="addCustomer(java.lang.String,java.lang.String,java.lang.String,java.lang.String)[pri:0, instance:com.pro.testcases.TC03_AddCustomeUsingExcel@4686afc2]" started-at="2025-01-08T14:39:17 IST" name="addCustomer" data-provider="getdata" finished-at="2025-01-08T14:39:18 IST" duration-ms="915" status="PASS">
          <params>
            <param index="0">
              <value>
                <![CDATA[Santosh]]>
              </value>
            </param>
            <param index="1">
              <value>
                <![CDATA[Kumar]]>
              </value>
            </param>
            <param index="2">
              <value>
                <![CDATA[201301]]>
              </value>
            </param>
            <param index="3">
              <value>
                <![CDATA[Customer added successfully]]>
              </value>
            </param>
          </params>
          <reporter-output>
          </reporter-output>
        </test-method> <!-- addCustomer -->
        <test-method signature="addCustomer(java.lang.String,java.lang.String,java.lang.String,java.lang.String)[pri:0, instance:com.pro.testcases.TC03_AddCustomeUsingExcel@4686afc2]" started-at="2025-01-08T14:39:18 IST" name="addCustomer" data-provider="getdata" finished-at="2025-01-08T14:39:20 IST" duration-ms="1589" status="PASS">
          <params>
            <param index="0">
              <value>
                <![CDATA[Ankita]]>
              </value>
            </param>
            <param index="1">
              <value>
                <![CDATA[Aggarwal]]>
              </value>
            </param>
            <param index="2">
              <value>
                <![CDATA[110032]]>
              </value>
            </param>
            <param index="3">
              <value>
                <![CDATA[Customer added successfully]]>
              </value>
            </param>
          </params>
          <reporter-output>
          </reporter-output>
        </test-method> <!-- addCustomer -->
        <test-method signature="addCustomer(java.lang.String,java.lang.String,java.lang.String,java.lang.String)[pri:0, instance:com.pro.testcases.TC03_AddCustomeUsingExcel@4686afc2]" started-at="2025-01-08T14:39:20 IST" name="addCustomer" data-provider="getdata" finished-at="2025-01-08T14:39:22 IST" duration-ms="1630" status="PASS">
          <params>
            <param index="0">
              <value>
                <![CDATA[Atharv]]>
              </value>
            </param>
            <param index="1">
              <value>
                <![CDATA[Kumar]]>
              </value>
            </param>
            <param index="2">
              <value>
                <![CDATA[11052]]>
              </value>
            </param>
            <param index="3">
              <value>
                <![CDATA[Customer added successfully]]>
              </value>
            </param>
          </params>
          <reporter-output>
          </reporter-output>
        </test-method> <!-- addCustomer -->
        <test-method signature="addCustomer(java.lang.String,java.lang.String,java.lang.String,java.lang.String)[pri:0, instance:com.pro.testcases.TC03_AddCustomeUsingExcel@4686afc2]" started-at="2025-01-08T14:39:22 IST" name="addCustomer" data-provider="getdata" finished-at="2025-01-08T14:39:23 IST" duration-ms="1641" status="PASS">
          <params>
            <param index="0">
              <value>
                <![CDATA[Saanchi]]>
              </value>
            </param>
            <param index="1">
              <value>
                <![CDATA[Aggarwal]]>
              </value>
            </param>
            <param index="2">
              <value>
                <![CDATA[312212]]>
              </value>
            </param>
            <param index="3">
              <value>
                <![CDATA[Customer added successfully]]>
              </value>
            </param>
          </params>
          <reporter-output>
          </reporter-output>
        </test-method> <!-- addCustomer -->
        <test-method signature="addCustomer(java.lang.String,java.lang.String,java.lang.String,java.lang.String)[pri:0, instance:com.pro.testcases.TC03_AddCustomeUsingExcel@4686afc2]" started-at="2025-01-08T14:39:23 IST" name="addCustomer" data-provider="getdata" finished-at="2025-01-08T14:39:24 IST" duration-ms="830" status="PASS">
          <params>
            <param index="0">
              <value>
                <![CDATA[Amit]]>
              </value>
            </param>
            <param index="1">
              <value>
                <![CDATA[Singh]]>
              </value>
            </param>
            <param index="2">
              <value>
                <![CDATA[123422]]>
              </value>
            </param>
            <param index="3">
              <value>
                <![CDATA[Customer added successfully]]>
              </value>
            </param>
          </params>
          <reporter-output>
          </reporter-output>
        </test-method> <!-- addCustomer -->
        <test-method is-config="true" signature="teardown()[pri:0, instance:com.pro.testcases.TC03_AddCustomeUsingExcel@4686afc2]" started-at="2025-01-08T14:39:24 IST" name="teardown" finished-at="2025-01-08T14:39:24 IST" duration-ms="269" status="PASS">
          <reporter-output>
          </reporter-output>
        </test-method> <!-- teardown -->
      </class> <!-- com.pro.testcases.TC03_AddCustomeUsingExcel -->
    </test> <!-- TC_03 -->
  </suite> <!-- Automation Suite -->
</testng-results>
