<?xml version="1.0" encoding="UTF-8"?>
<testng-results ignored="0" total="1" passed="1" failed="0" skipped="0">
  <reporter-output>
  </reporter-output>
  <suite started-at="2024-12-27T17:16:32 IST" name="Suite" finished-at="2024-12-27T17:16:32 IST" duration-ms="357">
    <groups>
    </groups>
    <test started-at="2024-12-27T17:16:32 IST" name="Test" finished-at="2024-12-27T17:16:32 IST" duration-ms="357">
      <class name="com.vmoda.testcases.Customer">
        <test-method is-config="true" signature="config()[pri:0, instance:com.vmoda.testcases.Customer@fa49800]" started-at="2024-12-27T17:16:28 IST" name="config" finished-at="2024-12-27T17:16:32 IST" duration-ms="3710" status="PASS">
          <reporter-output>
          </reporter-output>
        </test-method> <!-- config -->
        <test-method signature="custLogin()[pri:0, instance:com.vmoda.testcases.Customer@fa49800]" started-at="2024-12-27T17:16:32 IST" name="custLogin" finished-at="2024-12-27T17:16:32 IST" duration-ms="322" status="PASS">
          <reporter-output>
          </reporter-output>
        </test-method> <!-- custLogin -->
        <test-method is-config="true" signature="teardown()[pri:0, instance:com.vmoda.testcases.Customer@fa49800]" started-at="2024-12-27T17:16:32 IST" name="teardown" finished-at="2024-12-27T17:16:32 IST" duration-ms="2" status="PASS">
          <reporter-output>
          </reporter-output>
        </test-method> <!-- teardown -->
      </class> <!-- com.vmoda.testcases.Customer -->
    </test> <!-- Test -->
  </suite> <!-- Suite -->
</testng-results>
