<?xml version="1.0" encoding="UTF-8"?>
<testng-results ignored="0" total="1" passed="1" failed="0" skipped="0">
  <reporter-output>
  </reporter-output>
  <suite started-at="2024-11-19T20:06:43 IST" name="Default suite" finished-at="2024-11-19T20:06:43 IST" duration-ms="761">
    <groups>
    </groups>
    <test started-at="2024-11-19T20:06:43 IST" name="Default test" finished-at="2024-11-19T20:06:43 IST" duration-ms="761">
      <class name="com.projectTestCases.TC_01_Customer_Login">
        <test-method is-config="true" signature="setup()[pri:0, instance:com.projectTestCases.TC_01_Customer_Login@2053d869]" started-at="2024-11-19T20:06:41 IST" name="setup" finished-at="2024-11-19T20:06:43 IST" duration-ms="2126" status="PASS">
          <reporter-output>
          </reporter-output>
        </test-method> <!-- setup -->
        <test-method signature="CustomerLogin()[pri:0, instance:com.projectTestCases.TC_01_Customer_Login@2053d869]" started-at="2024-11-19T20:06:43 IST" name="CustomerLogin" finished-at="2024-11-19T20:06:43 IST" duration-ms="729" status="PASS">
          <reporter-output>
          </reporter-output>
        </test-method> <!-- CustomerLogin -->
        <test-method is-config="true" signature="teardown()[pri:0, instance:com.projectTestCases.TC_01_Customer_Login@2053d869]" started-at="2024-11-19T20:06:43 IST" name="teardown" finished-at="2024-11-19T20:06:44 IST" duration-ms="145" status="PASS">
          <reporter-output>
          </reporter-output>
        </test-method> <!-- teardown -->
      </class> <!-- com.projectTestCases.TC_01_Customer_Login -->
    </test> <!-- Default test -->
  </suite> <!-- Default suite -->
</testng-results>
