<?xml version="1.0" encoding="UTF-8"?>
<testng-results ignored="0" total="1" passed="1" failed="0" skipped="0">
  <reporter-output>
  </reporter-output>
  <suite started-at="2024-12-07T16:20:30 IST" name="Default suite" finished-at="2024-12-07T16:20:36 IST" duration-ms="6130">
    <groups>
    </groups>
    <test started-at="2024-12-07T16:20:30 IST" name="Default test" finished-at="2024-12-07T16:20:36 IST" duration-ms="6130">
      <class name="com.project.TestCases.TestLogin">
        <test-method is-config="true" signature="setup()[pri:0, instance:com.project.TestCases.TestLogin@2dfaea86]" started-at="2024-12-07T16:20:27 IST" name="setup" finished-at="2024-12-07T16:20:30 IST" duration-ms="2415" status="PASS">
          <reporter-output>
          </reporter-output>
        </test-method> <!-- setup -->
        <test-method signature="test()[pri:0, instance:com.project.TestCases.TestLogin@2dfaea86]" started-at="2024-12-07T16:20:30 IST" name="test" finished-at="2024-12-07T16:20:36 IST" duration-ms="6090" status="PASS">
          <reporter-output>
          </reporter-output>
        </test-method> <!-- test -->
        <test-method is-config="true" signature="teardown()[pri:0, instance:com.project.TestCases.TestLogin@2dfaea86]" started-at="2024-12-07T16:20:36 IST" name="teardown" finished-at="2024-12-07T16:20:36 IST" duration-ms="295" status="PASS">
          <reporter-output>
          </reporter-output>
        </test-method> <!-- teardown -->
      </class> <!-- com.project.TestCases.TestLogin -->
    </test> <!-- Default test -->
  </suite> <!-- Default suite -->
</testng-results>
