<?xml version="1.0" encoding="UTF-8"?>
<!-- Generated by org.testng.reporters.JUnitXMLReporter -->
<testsuite ignored="3" hostname="Santosh" failures="0" tests="2" name="Default test" time="1.384" errors="0" timestamp="2024-12-18T20:36:41 IST">
  <testcase classname="com.datadriven.testcases.CustLogin" name="customerClick" time="0.275"/>
  <testcase classname="com.datadriven.testcases.BankManagerLogin" name="bankmanagerLogin" time="1.078"/>
  <testcase classname="com.datadriven.baseclass.BaseFile" name="@BeforeSuite initialSetup" time="0.0">
    <ignored/>
  </testcase> <!-- @BeforeSuite initialSetup -->
  <testcase classname="com.datadriven.baseclass.BaseFile" name="@BeforeSuite initialSetup" time="0.0">
    <ignored/>
  </testcase> <!-- @BeforeSuite initialSetup -->
  <testcase classname="com.datadriven.baseclass.BaseFile" name="@BeforeSuite initialSetup" time="0.0">
    <ignored/>
  </testcase> <!-- @BeforeSuite initialSetup -->
</testsuite> <!-- Default test -->
