<?xml version="1.0" encoding="UTF-8"?>
<testng-results ignored="0" total="2" passed="2" failed="0" skipped="0">
  <reporter-output>
  </reporter-output>
  <suite started-at="2025-02-05T17:59:59 IST" name="Default suite" finished-at="2025-02-05T18:00:00 IST" duration-ms="922">
    <groups>
    </groups>
    <test started-at="2025-02-05T17:59:59 IST" name="Default test" finished-at="2025-02-05T18:00:00 IST" duration-ms="922">
      <class name="excel.ExcelReadWrite">
        <test-method signature="readExcel()[pri:0, instance:excel.ExcelReadWrite@36fc695d]" started-at="2025-02-05T17:59:59 IST" name="readExcel" finished-at="2025-02-05T18:00:00 IST" duration-ms="678" status="PASS">
          <reporter-output>
          </reporter-output>
        </test-method> <!-- readExcel -->
        <test-method signature="writeExcel()[pri:0, instance:excel.ExcelReadWrite@36fc695d]" started-at="2025-02-05T18:00:00 IST" name="writeExcel" finished-at="2025-02-05T18:00:00 IST" duration-ms="185" status="PASS">
          <reporter-output>
          </reporter-output>
        </test-method> <!-- writeExcel -->
      </class> <!-- excel.ExcelReadWrite -->
    </test> <!-- Default test -->
  </suite> <!-- Default suite -->
</testng-results>
