<?xml version="1.0" encoding="UTF-8"?>
<testng-results ignored="0" total="1" passed="1" failed="0" skipped="0">
  <reporter-output>
  </reporter-output>
  <suite started-at="2025-01-09T15:34:11 IST" name="Default suite" finished-at="2025-01-09T15:34:12 IST" duration-ms="907">
    <groups>
    </groups>
    <test started-at="2025-01-09T15:34:11 IST" name="Default test" finished-at="2025-01-09T15:34:12 IST" duration-ms="907">
      <class name="Revision.Day1">
        <test-method signature="getData()[pri:0, instance:Revision.Day1@4afcd809]" started-at="2025-01-09T15:34:11 IST" name="getData" finished-at="2025-01-09T15:34:12 IST" duration-ms="824" status="PASS">
          <reporter-output>
          </reporter-output>
        </test-method> <!-- getData -->
      </class> <!-- Revision.Day1 -->
    </test> <!-- Default test -->
  </suite> <!-- Default suite -->
</testng-results>
