<?xml version="1.0" encoding="UTF-8"?>
<testng-results ignored="0" total="1" passed="1" failed="0" skipped="0">
  <reporter-output>
  </reporter-output>
  <suite started-at="2025-02-07T18:52:59 IST" name="Default suite" finished-at="2025-02-07T18:53:08 IST" duration-ms="9121">
    <groups>
    </groups>
    <test started-at="2025-02-07T18:52:59 IST" name="Default test" finished-at="2025-02-07T18:53:08 IST" duration-ms="9121">
      <class name="com.veromoda.testcases.LoginTest">
        <test-method is-config="true" signature="setup()[pri:0, instance:com.veromoda.testcases.LoginTest@34e9fd99]" started-at="2025-02-07T18:52:59 IST" name="setup" finished-at="2025-02-07T18:53:06 IST" duration-ms="6630" status="PASS">
          <reporter-output>
          </reporter-output>
        </test-method> <!-- setup -->
        <test-method signature="LoginTest()[pri:0, instance:com.veromoda.testcases.LoginTest@34e9fd99]" started-at="2025-02-07T18:53:06 IST" name="LoginTest" finished-at="2025-02-07T18:53:07 IST" duration-ms="1040" status="PASS">
          <reporter-output>
          </reporter-output>
        </test-method> <!-- LoginTest -->
        <test-method is-config="true" signature="exit()[pri:0, instance:com.veromoda.testcases.LoginTest@34e9fd99]" started-at="2025-02-07T18:53:07 IST" name="exit" finished-at="2025-02-07T18:53:08 IST" duration-ms="1404" status="PASS">
          <reporter-output>
          </reporter-output>
        </test-method> <!-- exit -->
      </class> <!-- com.veromoda.testcases.LoginTest -->
    </test> <!-- Default test -->
  </suite> <!-- Default suite -->
</testng-results>
