<?xml version="1.0" encoding="UTF-8"?>
<testng-results ignored="0" total="3" passed="3" failed="0" skipped="0">
  <reporter-output>
  </reporter-output>
  <suite started-at="2024-12-27T10:07:07 IST" name="Suite" finished-at="2024-12-27T10:07:34 IST" duration-ms="27255">
    <groups>
    </groups>
    <test started-at="2024-12-27T10:07:07 IST" name="LoginTest" finished-at="2024-12-27T10:07:17 IST" duration-ms="10494">
      <class name="com.veromoda.testcases.LoginTest">
        <test-method is-config="true" signature="setup()[pri:0, instance:com.veromoda.testcases.LoginTest@2177849e]" started-at="2024-12-27T10:07:07 IST" name="setup" finished-at="2024-12-27T10:07:16 IST" duration-ms="8617" status="PASS">
          <reporter-output>
          </reporter-output>
        </test-method> <!-- setup -->
        <test-method signature="LoginTest()[pri:0, instance:com.veromoda.testcases.LoginTest@2177849e]" started-at="2024-12-27T10:07:16 IST" name="LoginTest" finished-at="2024-12-27T10:07:16 IST" duration-ms="904" status="PASS">
          <reporter-output>
          </reporter-output>
        </test-method> <!-- LoginTest -->
        <test-method is-config="true" signature="exit()[pri:0, instance:com.veromoda.testcases.LoginTest@2177849e]" started-at="2024-12-27T10:07:16 IST" name="exit" finished-at="2024-12-27T10:07:17 IST" duration-ms="929" status="PASS">
          <reporter-output>
          </reporter-output>
        </test-method> <!-- exit -->
      </class> <!-- com.veromoda.testcases.LoginTest -->
    </test> <!-- LoginTest -->
    <test started-at="2024-12-27T10:07:17 IST" name="TopPage" finished-at="2024-12-27T10:07:28 IST" duration-ms="10298">
      <class name="com.veromoda.testcases.TopPage">
        <test-method is-config="true" signature="setup()[pri:0, instance:com.veromoda.testcases.TopPage@cad498c]" started-at="2024-12-27T10:07:17 IST" name="setup" finished-at="2024-12-27T10:07:23 IST" duration-ms="5556" status="PASS">
          <reporter-output>
          </reporter-output>
        </test-method> <!-- setup -->
        <test-method signature="topPage()[pri:0, instance:com.veromoda.testcases.TopPage@cad498c]" started-at="2024-12-27T10:07:23 IST" name="topPage" finished-at="2024-12-27T10:07:27 IST" duration-ms="3857" status="PASS">
          <reporter-output>
          </reporter-output>
        </test-method> <!-- topPage -->
        <test-method is-config="true" signature="exit()[pri:0, instance:com.veromoda.testcases.TopPage@cad498c]" started-at="2024-12-27T10:07:27 IST" name="exit" finished-at="2024-12-27T10:07:28 IST" duration-ms="881" status="PASS">
          <reporter-output>
          </reporter-output>
        </test-method> <!-- exit -->
      </class> <!-- com.veromoda.testcases.TopPage -->
    </test> <!-- TopPage -->
    <test started-at="2024-12-27T10:07:28 IST" name="Cart" finished-at="2024-12-27T10:07:34 IST" duration-ms="6427">
      <class name="com.veromoda.testcases.CartTestCase">
        <test-method is-config="true" signature="setup()[pri:0, instance:com.veromoda.testcases.CartTestCase@6631f5ca]" started-at="2024-12-27T10:07:28 IST" name="setup" finished-at="2024-12-27T10:07:32 IST" duration-ms="4322" status="PASS">
          <reporter-output>
          </reporter-output>
        </test-method> <!-- setup -->
        <test-method signature="getCart()[pri:0, instance:com.veromoda.testcases.CartTestCase@6631f5ca]" started-at="2024-12-27T10:07:32 IST" name="getCart" finished-at="2024-12-27T10:07:33 IST" duration-ms="1182" status="PASS">
          <reporter-output>
          </reporter-output>
        </test-method> <!-- getCart -->
        <test-method is-config="true" signature="exit()[pri:0, instance:com.veromoda.testcases.CartTestCase@6631f5ca]" started-at="2024-12-27T10:07:33 IST" name="exit" finished-at="2024-12-27T10:07:34 IST" duration-ms="918" status="PASS">
          <reporter-output>
          </reporter-output>
        </test-method> <!-- exit -->
      </class> <!-- com.veromoda.testcases.CartTestCase -->
    </test> <!-- Cart -->
  </suite> <!-- Suite -->
</testng-results>
