<?xml version="1.0" encoding="UTF-8"?>
<!-- Generated by org.testng.reporters.JUnitXMLReporter -->
<testsuite ignored="0" hostname="Santosh" failures="1" tests="4" name="Surefire test" time="0.055" errors="0" timestamp="2024-12-18T13:14:48 IST">
  <testcase classname="TestNGTutorial.TestNGSample" name="printname" time="0.002"/>
  <testcase classname="TestNGTutorial.TestNGSample" name="printAddress" time="0.0"/>
  <testcase classname="TestNGTutorial.TestNGSample" name="printPostal" time="0.003">
    <failure type="java.lang.AssertionError" message="Unable to print Postal Code">
      <![CDATA[java.lang.AssertionError: Unable to print Postal Code
at TestNGTutorial.TestNGSample.printPostal(TestNGSample.java:36)
at java.base/java.util.ArrayList.forEach(ArrayList.java:1597)
... Removed 31 stack frames]]>
    </failure>
  </testcase> <!-- printPostal -->
  <testcase classname="TestNGTutorial.TestNGSample" name="printCountry" time="0.0">
    <skipped/>
  </testcase> <!-- printCountry -->
</testsuite> <!-- Surefire test -->
