<?xml version="1.0" encoding="UTF-8"?>
<testng-results ignored="0" total="1" passed="1" failed="0" skipped="0">
  <reporter-output>
  </reporter-output>
  <suite started-at="2025-02-17T19:49:41 IST" name="Default suite" finished-at="2025-02-17T19:49:42 IST" duration-ms="771">
    <groups>
    </groups>
    <test started-at="2025-02-17T19:49:41 IST" name="Default test" finished-at="2025-02-17T19:49:42 IST" duration-ms="771">
      <class name="com.project.testcases.TC_001_CustomerLogin">
        <test-method is-config="true" signature="config()[pri:0, instance:com.project.testcases.TC_001_CustomerLogin@7dc0f706]" started-at="2025-02-17T19:49:37 IST" name="config" finished-at="2025-02-17T19:49:41 IST" duration-ms="4479" status="PASS">
          <reporter-output>
          </reporter-output>
        </test-method> <!-- config -->
        <test-method signature="customerLogin()[pri:0, instance:com.project.testcases.TC_001_CustomerLogin@7dc0f706]" started-at="2025-02-17T19:49:41 IST" name="customerLogin" finished-at="2025-02-17T19:49:42 IST" duration-ms="738" status="PASS">
          <reporter-output>
          </reporter-output>
        </test-method> <!-- customerLogin -->
        <test-method is-config="true" signature="teardown()[pri:0, instance:com.project.testcases.TC_001_CustomerLogin@7dc0f706]" started-at="2025-02-17T19:49:42 IST" name="teardown" finished-at="2025-02-17T19:49:43 IST" duration-ms="1397" status="PASS">
          <reporter-output>
          </reporter-output>
        </test-method> <!-- teardown -->
      </class> <!-- com.project.testcases.TC_001_CustomerLogin -->
    </test> <!-- Default test -->
  </suite> <!-- Default suite -->
</testng-results>
