<?xml version="1.0" encoding="UTF-8"?>
<testng-results ignored="0" total="2" passed="2" failed="0" skipped="0">
  <reporter-output>
    <line>
      <![CDATA[<br>Verifiction Failed : expected [Test] but found [test]<br>]]>
    </line>
    <line>
      <![CDATA[<a target ="_blank" href=Sat_Dec_21_14_39_37_IST_2024.jpeg><img src=Sat_Dec_21_14_39_37_IST_2024.jpeg height=200 width=200></img></a>]]>
    </line>
    <line>
      <![CDATA[<br>]]>
    </line>
  </reporter-output>
  <suite started-at="2024-12-21T14:39:36 IST" name="TestSuite" finished-at="2024-12-21T14:39:38 IST" duration-ms="1686">
    <groups>
    </groups>
    <test started-at="2024-12-21T14:39:36 IST" name="CustomerLogin" finished-at="2024-12-21T14:39:37 IST" duration-ms="328">
      <class name="com.datadriven.testcases.CustLogin">
        <test-method signature="customerClick()[pri:1, instance:com.datadriven.testcases.CustLogin@2e8c1c9b]" started-at="2024-12-21T14:39:36 IST" name="customerClick" finished-at="2024-12-21T14:39:37 IST" duration-ms="281" status="PASS">
          <reporter-output>
          </reporter-output>
        </test-method> <!-- customerClick -->
      </class> <!-- com.datadriven.testcases.CustLogin -->
    </test> <!-- CustomerLogin -->
    <test started-at="2024-12-21T14:39:37 IST" name="AddCustomer" finished-at="2024-12-21T14:39:38 IST" duration-ms="1311">
      <class name="com.datadriven.testcases.BankManagerLogin">
        <test-method is-config="true" signature="initialSetup()[pri:0, instance:com.datadriven.testcases.BankManagerLogin@5afa3c9]" started-at="2024-12-21T14:39:32 IST" name="initialSetup" finished-at="2024-12-21T14:39:36 IST" duration-ms="4749" status="PASS">
          <reporter-output>
          </reporter-output>
        </test-method> <!-- initialSetup -->
        <test-method signature="bankmanagerLogin()[pri:2, instance:com.datadriven.testcases.BankManagerLogin@5afa3c9]" started-at="2024-12-21T14:39:37 IST" name="bankmanagerLogin" finished-at="2024-12-21T14:39:38 IST" duration-ms="1307" status="PASS">
          <reporter-output>
            <line>
              <![CDATA[<br>Verifiction Failed : expected [Test] but found [test]<br>]]>
            </line>
            <line>
              <![CDATA[<a target ="_blank" href=Sat_Dec_21_14_39_37_IST_2024.jpeg><img src=Sat_Dec_21_14_39_37_IST_2024.jpeg height=200 width=200></img></a>]]>
            </line>
            <line>
              <![CDATA[<br>]]>
            </line>
          </reporter-output>
        </test-method> <!-- bankmanagerLogin -->
      </class> <!-- com.datadriven.testcases.BankManagerLogin -->
    </test> <!-- AddCustomer -->
  </suite> <!-- TestSuite -->
</testng-results>
