<?xml version="1.0" encoding="UTF-8"?>
<!-- Generated by org.testng.reporters.JUnitXMLReporter -->
<testsuite ignored="0" hostname="Santosh" failures="1" tests="1" name="Default test" time="1.233" errors="0" timestamp="2025-02-10T15:27:14 IST">
  <testcase classname="io.cucumber.testng.AbstractTestNGCucumberTests" name="runScenario" time="0.144">
    <failure type="io.cucumber.java.PendingException" message="TODO: implement me">
      <![CDATA[io.cucumber.java.PendingException: TODO: implement me
at Steps.LoginProductionSteps.user_enters_userid_and_password(LoginProductionSteps.java:44)
at ✽.user enters userid and password(file:///C:/eclipse-workspace/CucmberProjectSample/src/test/resources/Features/datatable.feature:13)
]]>
    </failure>
  </testcase> <!-- runScenario -->
</testsuite> <!-- Default test -->
